2017-03-07 17:58:19,934 INFO [nioEventLoopGroup-3-3] o.m.mockserver.MockServerHandler [?:?] creating expectation:

	{
	  "httpRequest" : {
	    "path" : "/items"
	  },
	  "times" : {
	    "remainingTimes" : 1,
	    "unlimited" : false
	  },
	  "timeToLive" : {
	    "unlimited" : true
	  },
	  "httpResponse" : {
	    "statusCode" : 203,
	    "headers" : [ {
	      "name" : "Content-Type",
	      "values" : [ "application/json; charset=utf-8" ]
	    }, {
	      "name" : "Cache-Control",
	      "values" : [ "no-cache, no-store" ]
	    } ],
	    "body" : "[{\"id\":1,\"description\":\"Pop\",\"price\":1.23},{\"id\":2,\"description\":\"Soda\",\"price\":2.23},{\"id\":3,\"description\":\"Muffins\",\"price\":4.23},{\"id\":4,\"description\":\"Pancakes\",\"price\":5.33},{\"id\":5,\"description\":\"Waffles\",\"price\":6.42},{\"id\":6,\"description\":\"Potato\",\"price\":7.52},{\"id\":7,\"description\":\"Hash brown\",\"price\":8.64},{\"id\":8,\"description\":\"Corn\",\"price\":9.76},{\"id\":9,\"description\":\"Beets\",\"price\":7.88},{\"id\":10,\"description\":\"Turnips\",\"price\":6.67},{\"id\":11,\"description\":\"YellowBerries\",\"price\":5.56},{\"id\":12,\"description\":\"Greenberries\",\"price\":4.45},{\"id\":13,\"description\":\"Blueberries\",\"price\":3.33},{\"id\":14,\"description\":\"StrawBerries\",\"price\":2.21},{\"id\":15,\"description\":\"Wheat Bread\",\"price\":4.92},{\"id\":16,\"description\":\"Rye Bread\",\"price\":5.83},{\"id\":17,\"description\":\"White Bread\",\"price\":6.24}]",
	    "delay" : {
	      "timeUnit" : "MICROSECONDS",
	      "value" : 0
	    }
	  }
	}


2017-03-07 17:59:30,458 INFO [nioEventLoopGroup-3-4] o.m.mockserver.MockServerHandler [?:?] creating expectation:

	{
	  "httpRequest" : {
	    "path" : "/items"
	  },
	  "times" : {
	    "remainingTimes" : 1,
	    "unlimited" : false
	  },
	  "timeToLive" : {
	    "unlimited" : true
	  },
	  "httpResponse" : {
	    "statusCode" : 203,
	    "headers" : [ {
	      "name" : "Content-Type",
	      "values" : [ "application/json; charset=utf-8" ]
	    }, {
	      "name" : "Cache-Control",
	      "values" : [ "no-cache, no-store" ]
	    } ],
	    "body" : "[{\"id\":1,\"description\":\"Pop\",\"price\":1.23},{\"id\":2,\"description\":\"Soda\",\"price\":2.23},{\"id\":3,\"description\":\"Muffins\",\"price\":4.23},{\"id\":4,\"description\":\"Pancakes\",\"price\":5.33},{\"id\":5,\"description\":\"Waffles\",\"price\":6.42},{\"id\":6,\"description\":\"Potato\",\"price\":7.52},{\"id\":7,\"description\":\"Hash brown\",\"price\":8.64},{\"id\":8,\"description\":\"Corn\",\"price\":9.76},{\"id\":9,\"description\":\"Beets\",\"price\":7.88},{\"id\":10,\"description\":\"Turnips\",\"price\":6.67},{\"id\":11,\"description\":\"YellowBerries\",\"price\":5.56},{\"id\":12,\"description\":\"Greenberries\",\"price\":4.45},{\"id\":13,\"description\":\"Blueberries\",\"price\":3.33},{\"id\":14,\"description\":\"StrawBerries\",\"price\":2.21},{\"id\":15,\"description\":\"Wheat Bread\",\"price\":4.92},{\"id\":16,\"description\":\"Rye Bread\",\"price\":5.83},{\"id\":17,\"description\":\"White Bread\",\"price\":6.24}]",
	    "delay" : {
	      "timeUnit" : "MICROSECONDS",
	      "value" : 0
	    }
	  }
	}


2017-03-07 18:01:20,253 INFO [nioEventLoopGroup-3-5] o.m.mockserver.MockServerHandler [?:?] creating expectation:

	{
	  "httpRequest" : {
	    "path" : "/items"
	  },
	  "times" : {
	    "remainingTimes" : 1,
	    "unlimited" : false
	  },
	  "timeToLive" : {
	    "unlimited" : true
	  },
	  "httpResponse" : {
	    "statusCode" : 203,
	    "headers" : [ {
	      "name" : "Content-Type",
	      "values" : [ "application/json; charset=utf-8" ]
	    }, {
	      "name" : "Cache-Control",
	      "values" : [ "no-cache, no-store" ]
	    } ],
	    "body" : "[{\"id\":1,\"description\":\"Pop\",\"price\":1.23},{\"id\":2,\"description\":\"Soda\",\"price\":2.23},{\"id\":3,\"description\":\"Muffins\",\"price\":4.23},{\"id\":4,\"description\":\"Pancakes\",\"price\":5.33},{\"id\":5,\"description\":\"Waffles\",\"price\":6.42},{\"id\":6,\"description\":\"Potato\",\"price\":7.52},{\"id\":7,\"description\":\"Hash brown\",\"price\":8.64},{\"id\":8,\"description\":\"Corn\",\"price\":9.76},{\"id\":9,\"description\":\"Beets\",\"price\":7.88},{\"id\":10,\"description\":\"Turnips\",\"price\":6.67},{\"id\":11,\"description\":\"YellowBerries\",\"price\":5.56},{\"id\":12,\"description\":\"Greenberries\",\"price\":4.45},{\"id\":13,\"description\":\"Blueberries\",\"price\":3.33},{\"id\":14,\"description\":\"StrawBerries\",\"price\":2.21},{\"id\":15,\"description\":\"Wheat Bread\",\"price\":4.92},{\"id\":16,\"description\":\"Rye Bread\",\"price\":5.83},{\"id\":17,\"description\":\"White Bread\",\"price\":6.24}]",
	    "delay" : {
	      "timeUnit" : "MICROSECONDS",
	      "value" : 0
	    }
	  }
	}


2017-03-07 18:03:18,959 INFO [nioEventLoopGroup-3-6] o.m.mockserver.MockServerHandler [?:?] creating expectation:

	{
	  "httpRequest" : {
	    "path" : "/items"
	  },
	  "times" : {
	    "remainingTimes" : 1,
	    "unlimited" : false
	  },
	  "timeToLive" : {
	    "unlimited" : true
	  },
	  "httpResponse" : {
	    "statusCode" : 203,
	    "headers" : [ {
	      "name" : "Content-Type",
	      "values" : [ "application/json; charset=utf-8" ]
	    }, {
	      "name" : "Cache-Control",
	      "values" : [ "no-cache, no-store" ]
	    } ],
	    "body" : "[{\"id\":1,\"description\":\"Pop\",\"price\":1.23},{\"id\":2,\"description\":\"Soda\",\"price\":2.23},{\"id\":3,\"description\":\"Muffins\",\"price\":4.23},{\"id\":4,\"description\":\"Pancakes\",\"price\":5.33},{\"id\":5,\"description\":\"Waffles\",\"price\":6.42},{\"id\":6,\"description\":\"Potato\",\"price\":7.52},{\"id\":7,\"description\":\"Hash brown\",\"price\":8.64},{\"id\":8,\"description\":\"Corn\",\"price\":9.76},{\"id\":9,\"description\":\"Beets\",\"price\":7.88},{\"id\":10,\"description\":\"Turnips\",\"price\":6.67},{\"id\":11,\"description\":\"YellowBerries\",\"price\":5.56},{\"id\":12,\"description\":\"Greenberries\",\"price\":4.45},{\"id\":13,\"description\":\"Blueberries\",\"price\":3.33},{\"id\":14,\"description\":\"StrawBerries\",\"price\":2.21},{\"id\":15,\"description\":\"Wheat Bread\",\"price\":4.92},{\"id\":16,\"description\":\"Rye Bread\",\"price\":5.83},{\"id\":17,\"description\":\"White Bread\",\"price\":6.24}]",
	    "delay" : {
	      "timeUnit" : "MICROSECONDS",
	      "value" : 0
	    }
	  }
	}


2017-03-07 18:03:35,362 INFO [nioEventLoopGroup-3-7] o.m.mockserver.MockServerHandler [?:?] creating expectation:

	{
	  "httpRequest" : {
	    "path" : "/items"
	  },
	  "times" : {
	    "remainingTimes" : 1,
	    "unlimited" : false
	  },
	  "timeToLive" : {
	    "unlimited" : true
	  },
	  "httpResponse" : {
	    "statusCode" : 203,
	    "headers" : [ {
	      "name" : "Content-Type",
	      "values" : [ "application/json; charset=utf-8" ]
	    }, {
	      "name" : "Cache-Control",
	      "values" : [ "no-cache, no-store" ]
	    } ],
	    "body" : "[{\"id\":1,\"description\":\"Pop\",\"price\":1.23},{\"id\":2,\"description\":\"Soda\",\"price\":2.23},{\"id\":3,\"description\":\"Muffins\",\"price\":4.23},{\"id\":4,\"description\":\"Pancakes\",\"price\":5.33},{\"id\":5,\"description\":\"Waffles\",\"price\":6.42},{\"id\":6,\"description\":\"Potato\",\"price\":7.52},{\"id\":7,\"description\":\"Hash brown\",\"price\":8.64},{\"id\":8,\"description\":\"Corn\",\"price\":9.76},{\"id\":9,\"description\":\"Beets\",\"price\":7.88},{\"id\":10,\"description\":\"Turnips\",\"price\":6.67},{\"id\":11,\"description\":\"YellowBerries\",\"price\":5.56},{\"id\":12,\"description\":\"Greenberries\",\"price\":4.45},{\"id\":13,\"description\":\"Blueberries\",\"price\":3.33},{\"id\":14,\"description\":\"StrawBerries\",\"price\":2.21},{\"id\":15,\"description\":\"Wheat Bread\",\"price\":4.92},{\"id\":16,\"description\":\"Rye Bread\",\"price\":5.83},{\"id\":17,\"description\":\"White Bread\",\"price\":6.24}]",
	    "delay" : {
	      "timeUnit" : "MICROSECONDS",
	      "value" : 0
	    }
	  }
	}


2017-03-07 18:10:57,951 INFO [nioEventLoopGroup-3-8] o.m.mockserver.MockServerHandler [?:?] creating expectation:

	{
	  "httpRequest" : {
	    "path" : "/items"
	  },
	  "times" : {
	    "remainingTimes" : 1,
	    "unlimited" : false
	  },
	  "timeToLive" : {
	    "unlimited" : true
	  },
	  "httpResponse" : {
	    "statusCode" : 203,
	    "headers" : [ {
	      "name" : "Content-Type",
	      "values" : [ "application/json; charset=utf-8" ]
	    }, {
	      "name" : "Cache-Control",
	      "values" : [ "no-cache, no-store" ]
	    } ],
	    "body" : "[{\"id\":1,\"description\":\"Pop\",\"price\":1.23},{\"id\":2,\"description\":\"Soda\",\"price\":2.23},{\"id\":3,\"description\":\"Muffins\",\"price\":4.23},{\"id\":4,\"description\":\"Pancakes\",\"price\":5.33},{\"id\":5,\"description\":\"Waffles\",\"price\":6.42},{\"id\":6,\"description\":\"Potato\",\"price\":7.52},{\"id\":7,\"description\":\"Hash brown\",\"price\":8.64},{\"id\":8,\"description\":\"Corn\",\"price\":9.76},{\"id\":9,\"description\":\"Beets\",\"price\":7.88},{\"id\":10,\"description\":\"Turnips\",\"price\":6.67},{\"id\":11,\"description\":\"YellowBerries\",\"price\":5.56},{\"id\":12,\"description\":\"Greenberries\",\"price\":4.45},{\"id\":13,\"description\":\"Blueberries\",\"price\":3.33},{\"id\":14,\"description\":\"StrawBerries\",\"price\":2.21},{\"id\":15,\"description\":\"Wheat Bread\",\"price\":4.92},{\"id\":16,\"description\":\"Rye Bread\",\"price\":5.83},{\"id\":17,\"description\":\"White Bread\",\"price\":6.24}]",
	    "delay" : {
	      "timeUnit" : "MICROSECONDS",
	      "value" : 0
	    }
	  }
	}


2017-03-07 18:11:15,213 INFO [nioEventLoopGroup-3-1] o.m.mockserver.MockServerHandler [?:?] creating expectation:

	{
	  "httpRequest" : {
	    "path" : "/items"
	  },
	  "times" : {
	    "remainingTimes" : 1,
	    "unlimited" : false
	  },
	  "timeToLive" : {
	    "unlimited" : true
	  },
	  "httpResponse" : {
	    "statusCode" : 203,
	    "headers" : [ {
	      "name" : "Content-Type",
	      "values" : [ "application/json; charset=utf-8" ]
	    }, {
	      "name" : "Cache-Control",
	      "values" : [ "no-cache, no-store" ]
	    } ],
	    "body" : "[{\"id\":1,\"description\":\"Pop\",\"price\":1.23},{\"id\":2,\"description\":\"Soda\",\"price\":2.23},{\"id\":3,\"description\":\"Muffins\",\"price\":4.23},{\"id\":4,\"description\":\"Pancakes\",\"price\":5.33},{\"id\":5,\"description\":\"Waffles\",\"price\":6.42},{\"id\":6,\"description\":\"Potato\",\"price\":7.52},{\"id\":7,\"description\":\"Hash brown\",\"price\":8.64},{\"id\":8,\"description\":\"Corn\",\"price\":9.76},{\"id\":9,\"description\":\"Beets\",\"price\":7.88},{\"id\":10,\"description\":\"Turnips\",\"price\":6.67},{\"id\":11,\"description\":\"YellowBerries\",\"price\":5.56},{\"id\":12,\"description\":\"Greenberries\",\"price\":4.45},{\"id\":13,\"description\":\"Blueberries\",\"price\":3.33},{\"id\":14,\"description\":\"StrawBerries\",\"price\":2.21},{\"id\":15,\"description\":\"Wheat Bread\",\"price\":4.92},{\"id\":16,\"description\":\"Rye Bread\",\"price\":5.83},{\"id\":17,\"description\":\"White Bread\",\"price\":6.24}]",
	    "delay" : {
	      "timeUnit" : "MICROSECONDS",
	      "value" : 0
	    }
	  }
	}


2017-03-07 18:13:07,004 INFO [nioEventLoopGroup-3-2] o.m.mockserver.MockServerHandler [?:?] creating expectation:

	{
	  "httpRequest" : {
	    "path" : "/items"
	  },
	  "times" : {
	    "remainingTimes" : 1,
	    "unlimited" : false
	  },
	  "timeToLive" : {
	    "unlimited" : true
	  },
	  "httpResponse" : {
	    "statusCode" : 203,
	    "headers" : [ {
	      "name" : "Content-Type",
	      "values" : [ "application/json; charset=utf-8" ]
	    }, {
	      "name" : "Cache-Control",
	      "values" : [ "no-cache, no-store" ]
	    } ],
	    "body" : "[{\"id\":1,\"description\":\"Pop\",\"price\":1.23},{\"id\":2,\"description\":\"Soda\",\"price\":2.23},{\"id\":3,\"description\":\"Muffins\",\"price\":4.23},{\"id\":4,\"description\":\"Pancakes\",\"price\":5.33},{\"id\":5,\"description\":\"Waffles\",\"price\":6.42},{\"id\":6,\"description\":\"Potato\",\"price\":7.52},{\"id\":7,\"description\":\"Hash brown\",\"price\":8.64},{\"id\":8,\"description\":\"Corn\",\"price\":9.76},{\"id\":9,\"description\":\"Beets\",\"price\":7.88},{\"id\":10,\"description\":\"Turnips\",\"price\":6.67},{\"id\":11,\"description\":\"YellowBerries\",\"price\":5.56},{\"id\":12,\"description\":\"Greenberries\",\"price\":4.45},{\"id\":13,\"description\":\"Blueberries\",\"price\":3.33},{\"id\":14,\"description\":\"StrawBerries\",\"price\":2.21},{\"id\":15,\"description\":\"Wheat Bread\",\"price\":4.92},{\"id\":16,\"description\":\"Rye Bread\",\"price\":5.83},{\"id\":17,\"description\":\"White Bread\",\"price\":6.24}]",
	    "delay" : {
	      "timeUnit" : "MICROSECONDS",
	      "value" : 0
	    }
	  }
	}


